Watching for file changes with StatReloader
Not Found: /
"GET / HTTP/1.1" 404 2950
Unauthorized: /api/users/auth/users/me/
"GET /api/users/auth/users/me/ HTTP/1.1" 401 10159
"GET /static/rest_framework/js/ajax-form.js HTTP/1.1" 200 3597
"GET /static/rest_framework/css/default.css HTTP/1.1" 200 1152
"GET /static/rest_framework/css/prettify.css HTTP/1.1" 200 817
"GET /static/rest_framework/css/bootstrap-tweaks.css HTTP/1.1" 200 3385
"GET /static/rest_framework/js/jquery-3.5.1.min.js HTTP/1.1" 200 89476
"GET /static/rest_framework/css/bootstrap.min.css HTTP/1.1" 200 121457
"GET /static/rest_framework/js/default.js HTTP/1.1" 200 1268
"GET /static/rest_framework/js/csrf.js HTTP/1.1" 200 1719
"GET /static/rest_framework/js/prettify-min.js HTTP/1.1" 200 13632
"GET /static/rest_framework/js/bootstrap.min.js HTTP/1.1" 200 39680
"GET /static/rest_framework/img/grid.png HTTP/1.1" 200 1458
Unauthorized: /api/users/auth/users/
"GET /api/users/auth/users/ HTTP/1.1" 401 14755
Method Not Allowed: /api/users/auth/token/login/
"GET /api/users/auth/token/login/ HTTP/1.1" 405 12552
"POST /api/users/auth/token/login/ HTTP/1.1" 200 12341
Bad Request: /api/attendance/
Bad Request: /api/attendance/
Not Found: /api/grades/2/
Not Found: /api/some-protected-endpoint/
Not Found: /attendance/mark/1/
Not Found: /attendance/mark/1/
Not Found: /grades/
Not Found: /restricted-data/
Not Found: /attendance/mark/1/
Not Found: /attendance/mark/1/
Not Found: /grades/
Not Found: /restricted-data/
Not Found: /api/auth/login/
Unauthorized: /attendance/mark/1/
Unauthorized: /attendance/mark/1/
Unauthorized: /grades/
Not Found: /restricted-data/
Not Found: /api/auth/login/
Bad Request: /grades/
Not Found: /restricted-data/
Not Found: /api/auth/login/
Unauthorized: /attendance/mark/1/
Unauthorized: /attendance/mark/1/
Unauthorized: /grades/
Not Found: /restricted-data/
Not Found: /api/auth/login/
Forbidden: /attendance/mark/1/
Not Found: /attendance/mark/1/
Bad Request: /grades/
Forbidden: /attendance/mark/1/
Not Found: /attendance/mark/1/
Bad Request: /grades/
Not Found: /restricted-data/
Not Found: /restricted-data/
